{
  "RSpec": {
    "coverage": {
      "/Users/apprentice/Desktop/manterest/app/controllers/darts_controller.rb": [
        1,
        null,
        1,
        2,
        0,
        0,
        null,
        0,
        0,
        null,
        null,
        null,
        1,
        0,
        0,
        null,
        null,
        null,
        1,
        0,
        null,
        null,
        1,
        null,
        null,
        1,
        0,
        0,
        null,
        0,
        0,
        null,
        null,
        null,
        1,
        0,
        null,
        null,
        1,
        0,
        0,
        0,
        0,
        null,
        0,
        0,
        null,
        null,
        null,
        null,
        1,
        1,
        0,
        null,
        null
      ],
      "/Users/apprentice/Desktop/manterest/app/controllers/application_controller.rb": [
        1,
        null,
        null,
        1,
        null,
        1,
        0,
        null,
        null,
        1,
        null,
        1,
        0,
        null,
        null,
        1,
        9,
        9,
        null,
        null,
        1,
        null
      ],
      "/Users/apprentice/Desktop/manterest/spec/controllers/sessions_controller_spec.rb": [
        1,
        null,
        1,
        null,
        1,
        1,
        1,
        1,
        null,
        null,
        null,
        1,
        1,
        4,
        null,
        null,
        1,
        1,
        2,
        null,
        null,
        1,
        1,
        null,
        null,
        1,
        1,
        null,
        null,
        null,
        1,
        1,
        2,
        null,
        1,
        1,
        null,
        null,
        1,
        1,
        null,
        null,
        null,
        null,
        1,
        1,
        2,
        2,
        null,
        null,
        1,
        1,
        null,
        null,
        1,
        1,
        null,
        null,
        null
      ],
      "/Users/apprentice/Desktop/manterest/app/controllers/sessions_controller.rb": [
        1,
        null,
        1,
        4,
        4,
        2,
        2,
        2,
        null,
        2,
        2,
        null,
        null,
        null,
        1,
        null,
        null,
        1,
        2,
        2,
        null,
        null
      ],
      "/Users/apprentice/Desktop/manterest/spec/controllers/users_controller_spec.rb": [
        1,
        null,
        1,
        null,
        1,
        1,
        2,
        null,
        null,
        1,
        1,
        null,
        null,
        1,
        1,
        null,
        null,
        null,
        1,
        1,
        1,
        3,
        null,
        null,
        1,
        1,
        null,
        null,
        1,
        1,
        null,
        null,
        1,
        1,
        null,
        null,
        null,
        1,
        1,
        1,
        1,
        null,
        null,
        null,
        null
      ],
      "/Users/apprentice/Desktop/manterest/app/controllers/users_controller.rb": [
        1,
        1,
        3,
        null,
        null,
        1,
        4,
        4,
        3,
        3,
        3,
        null,
        1,
        null,
        null,
        null,
        1,
        0,
        null,
        null,
        1,
        null,
        1,
        4,
        null,
        null
      ],
      "/Users/apprentice/Desktop/manterest/spec/features/board_spec.rb": [
        1,
        null,
        1,
        null,
        1,
        1,
        6,
        6,
        null,
        null,
        6,
        null,
        null,
        1,
        1,
        1,
        1,
        null,
        null,
        1,
        1,
        1,
        null,
        null,
        1,
        1,
        1,
        null,
        null,
        null,
        null,
        1,
        1,
        3,
        3,
        null,
        null,
        1,
        1,
        null,
        null,
        null,
        null,
        null,
        1,
        null,
        null,
        null,
        1,
        1,
        null,
        null,
        null,
        null,
        null,
        null,
        null,
        null
      ],
      "/Users/apprentice/Desktop/manterest/spec/integerations/user_spec.rb": [
        1,
        null,
        1,
        1,
        1,
        1,
        null,
        null,
        1,
        null,
        null,
        null,
        null,
        null,
        null,
        null,
        null,
        null,
        null
      ],
      "/Users/apprentice/Desktop/manterest/spec/integerations/welcome_spec.rb": [
        1,
        null,
        1,
        1,
        1,
        1,
        null,
        null,
        null
      ],
      "/Users/apprentice/Desktop/manterest/app/controllers/welcome_controller.rb": [
        1,
        1,
        null,
        null,
        null,
        null
      ],
      "/Users/apprentice/Desktop/manterest/spec/models/board_spec.rb": [
        1,
        null,
        1,
        null,
        1,
        4,
        null,
        null,
        null,
        null,
        5,
        null,
        1,
        2,
        2,
        null,
        null,
        1,
        1,
        1,
        1,
        1,
        null,
        2,
        null,
        null,
        1,
        2,
        2,
        null,
        null,
        1,
        2,
        2,
        null,
        null
      ],
      "/Users/apprentice/Desktop/manterest/app/models/board.rb": [
        1,
        1,
        1,
        1,
        null,
        1,
        1,
        1,
        null
      ],
      "/Users/apprentice/Desktop/manterest/spec/models/dart_spec.rb": [
        1,
        null,
        1,
        null,
        1,
        5,
        null,
        null,
        null,
        4,
        null,
        1,
        2,
        2,
        null,
        null,
        1,
        1,
        1,
        1,
        5,
        5,
        null,
        null,
        null,
        1,
        1,
        1,
        2,
        2,
        null,
        null,
        null,
        null,
        null,
        1,
        2,
        2,
        null,
        null,
        1,
        2,
        2,
        null,
        null
      ],
      "/Users/apprentice/Desktop/manterest/app/models/dart.rb": [
        1,
        1,
        1,
        null,
        null,
        1,
        null,
        1,
        null,
        1,
        1,
        1,
        null,
        null
      ],
      "/Users/apprentice/Desktop/manterest/spec/models/dartboard_spec.rb": [
        1,
        null,
        1,
        null,
        1,
        3,
        null,
        null,
        null,
        null,
        4,
        null,
        1,
        2,
        2,
        null,
        null,
        1,
        2,
        2,
        null,
        null,
        1,
        2,
        2,
        null,
        null
      ],
      "/Users/apprentice/Desktop/manterest/app/models/dartboard.rb": [
        1,
        1,
        1,
        null,
        1,
        1,
        1,
        null,
        null
      ],
      "/Users/apprentice/Desktop/manterest/spec/models/user_spec.rb": [
        1,
        null,
        1,
        null,
        1,
        7,
        null,
        null,
        null,
        6,
        null,
        1,
        2,
        2,
        null,
        null,
        1,
        1,
        1,
        1,
        3,
        3,
        null,
        null,
        null,
        null,
        1,
        1,
        1,
        1,
        4,
        4,
        null,
        null,
        null,
        null,
        1,
        1,
        1,
        1,
        1,
        null,
        null,
        2,
        null,
        null,
        1,
        2,
        2,
        null,
        null,
        1,
        2,
        2,
        null,
        null,
        1,
        2,
        2,
        null,
        null,
        null
      ],
      "/Users/apprentice/Desktop/manterest/app/models/user.rb": [
        1,
        1,
        1,
        null,
        1,
        null,
        1,
        1,
        null
      ],
      "/Users/apprentice/Desktop/manterest/app/controllers/boards_controller.rb": [
        1,
        1,
        0,
        null,
        null,
        1,
        0,
        0,
        0,
        0,
        null,
        0,
        0,
        null,
        null,
        null,
        1,
        0,
        null,
        null,
        1,
        0,
        0,
        0,
        null,
        null,
        1,
        6,
        null,
        null,
        1,
        0,
        0,
        null,
        null,
        1,
        1,
        0,
        null,
        null
      ]
    },
    "timestamp": 1381518785
  }
}
